C51 COMPILER V9.52.0.0   DELAY                                                             07/16/2022 14:24:38 PAGE 1   


C51 COMPILER V9.52.0.0, COMPILATION OF MODULE DELAY
OBJECT MODULE PLACED IN .\OUTPUT\delay.obj
COMPILER INVOKED BY: C:\Keil_c51\C51\BIN\C51.EXE SYSTEM\delay.c LARGE BROWSE INCDIR(.\USER;.\SYSTEM;.\HARDWARE) DEBUG OB
                    -JECTEXTEND PRINT(.\delay.lst) TABS(2) OBJECT(.\OUTPUT\delay.obj)

line level    source

   1          #include "delay.h"  
   2          
   3          /*****************************************************************
   4          功能描述：延时函数
   5          入口参数：uint16 x ，该值为1时，延时1ms
   6          返回值：无
   7          *****************************************************************/
   8          void delay_ms(uint16 x) 
   9          {  
  10   1        uint16 j,i;   
  11   1        for(j=0;j<x;j++)   
  12   1        {    
  13   2          for(i=0;i<1100;i++);   
  14   2        }  
  15   1      }
  16          
  17          /**************************************
  18          功能描述：延时函数
  19          入口参数：uint x ，该值为1时，延时1us
  20          返回值：无
  21          ***************************************/
  22          void DelayXus(unsigned char n)                  
  23          {
  24   1          while (n--)                        //DJNZ  4
  25   1          {
  26   2              _nop_();                       //NOP  1+1=12
  27   2              _nop_();   
  28   2              _nop_();                       //NOP  1+1=12
  29   2              _nop_();   
  30   2              _nop_();                       //NOP  1+1=12
  31   2              _nop_();        
  32   2          }
  33   1      }
  34          
  35          
  36          
  37          /*********************************END FILE********************************************/ 
  38          


MODULE INFORMATION:   STATIC OVERLAYABLE
   CODE SIZE        =     47    ----
   CONSTANT SIZE    =   ----    ----
   XDATA SIZE       =   ----    ----
   PDATA SIZE       =   ----    ----
   DATA SIZE        =   ----    ----
   IDATA SIZE       =   ----    ----
   BIT SIZE         =   ----    ----
END OF MODULE INFORMATION.


C51 COMPILATION COMPLETE.  0 WARNING(S),  0 ERROR(S)
