C51 COMPILER V9.59.0.0   I2C                                                               10/26/2022 13:04:36 PAGE 1   


C51 COMPILER V9.59.0.0, COMPILATION OF MODULE I2C
OBJECT MODULE PLACED IN .\OUTPUT\i2c.obj
COMPILER INVOKED BY: D:\Keil_C51\C51\BIN\C51.EXE HARDWARE\i2c.c LARGE OPTIMIZE(8,SPEED) BROWSE INCDIR(.\USER;.\SYSTEM;.\
                    -HARDWARE) DEBUG OBJECTEXTEND PRINT(.\i2c.lst) TABS(2) OBJECT(.\OUTPUT\i2c.obj)

line level    source

   1          
   2          //头文件
   3          #include "i2c.h"
   4          #include "uart.h"
   5          #include "delay.h"
   6           /**
   7            * @file   I2C_delay
   8            * @brief  延迟时间
   9            * @param  无
  10            * @retval 无
  11            */
  12          void I2C_delay(void)  //for 1T  STC delay 
  13          { 
  14   1        uint16 j,i;   
  15   1        for(j=0;j<2;j++)   
  16   1        {    
  17   2          for(i=0;i<7;i++);   
  18   2        } 
  19   1      }
  20          
  21           /**
  22            * @file   I2C_Start
  23            * @brief  起始信号
  24            * @param  无
  25            * @retval 无
  26            */
  27          bit I2C_Start(void)
  28          {
  29   1        SDA = 1;
  30   1        SCL = 1;
  31   1        I2C_delay();
  32   1        if(!SDA)return FALSE; /* SDA线为低电平则总线忙,退出 */
  33   1        SDA = 0;
  34   1        I2C_delay();
  35   1        if(SDA) return FALSE; /* SDA线为高电平则总线出错,退出 */
  36   1        SDA = 0;
  37   1        I2C_delay();
  38   1        return TRUE;
  39   1      }
  40          
  41           /**
  42            * @file   I2C_Stop
  43            * @brief  停止信号
  44            * @param  无
  45            * @retval 无
  46            */
  47          void I2C_Stop(void)
  48          {
  49   1        SCL = 0;
  50   1        I2C_delay();
  51   1        SDA = 0;
  52   1        I2C_delay();
  53   1        SCL = 1;
  54   1        I2C_delay();
C51 COMPILER V9.59.0.0   I2C                                                               10/26/2022 13:04:36 PAGE 2   

  55   1        SDA = 1;
  56   1        I2C_delay();
  57   1      }
  58          
  59           /**
  60            * @file   I2C_Ack
  61            * @brief  应答信号
  62            * @param  无
  63            * @retval 无
  64            */
  65          void I2C_Ack(void)
  66          { 
  67   1        SCL = 0;
  68   1        I2C_delay();
  69   1        SDA = 0;
  70   1        I2C_delay();
  71   1        SCL = 1;
  72   1        I2C_delay();
  73   1        SCL = 0;
  74   1        I2C_delay();
  75   1      }
  76          
  77           /**
  78            * @file   I2C_NoAck
  79            * @brief  无应答信号
  80            * @param  无
  81            * @retval 无
  82            */
  83          void I2C_NoAck(void)
  84          { 
  85   1        SCL = 0;
  86   1        I2C_delay();
  87   1        SDA = 1;
  88   1        I2C_delay();
  89   1        SCL = 1;
  90   1        I2C_delay();
  91   1        SCL = 0;
  92   1        I2C_delay();
  93   1      }
  94          
  95           /**
  96            * @file   I2C_WaitAck
  97            * @brief  等待Ack
  98            * @param  无
  99            * @retval 返回为:=1有ACK,=0无ACK
 100            */
 101          bit I2C_WaitAck(void)   
 102          {
 103   1        SCL = 0;
 104   1        I2C_delay();
 105   1        SDA = 1;      
 106   1        I2C_delay();
 107   1        SCL = 1;
 108   1        I2C_delay();
 109   1        if(SDA)
 110   1        {
 111   2            SCL = 0;
 112   2            return FALSE;
 113   2        }
 114   1        SCL = 0;
 115   1        return TRUE;
 116   1      }
C51 COMPILER V9.59.0.0   I2C                                                               10/26/2022 13:04:36 PAGE 3   

 117          
 118           /**
 119            * @file   I2C_SendByte
 120            * @brief  数据从高位到低位
 121            * @param  - SendByte: 发送的数据
 122            * @retval 无
 123            */
 124          void I2C_SendByte(uint8 SendByte) 
 125          {
 126   1          uint8 i=8;
 127   1          while(i--)
 128   1          {
 129   2            SCL = 0;
 130   2            I2C_delay();
 131   2            if(SendByte&0x80)
 132   2            SDA = 1;  
 133   2            else 
 134   2            SDA = 0;   
 135   2            SendByte<<=1;
 136   2            I2C_delay();
 137   2            SCL = 1;
 138   2            I2C_delay();
 139   2          }
 140   1          SCL = 0;
 141   1      }
 142          
 143          
 144           /**
 145            * @file   I2C_ReceiveByte
 146            * @brief  数据从高位到低位
 147            * @param  无
 148            * @retval I2C总线返回的数据
 149            */
 150          uint8 I2C_ReceiveByte(void)  
 151          { 
 152   1          uint8 i=8;
 153   1          uint8 ReceiveByte=0;
 154   1      
 155   1          SDA = 1;        
 156   1          while(i--)
 157   1          {
 158   2            ReceiveByte<<=1;      
 159   2            SCL = 0;
 160   2            I2C_delay();
 161   2            SCL = 1;
 162   2            I2C_delay();  
 163   2            if(SDA)
 164   2            {
 165   3              ReceiveByte|=0x01;
 166   3            }
 167   2          }
 168   1          SCL = 0;
 169   1          return ReceiveByte;
 170   1      } 
 171             
 172           
 173          
 174          
 175          /*********************************************************************************************************
 176                END FILE
 177          *********************************************************************************************************/

C51 COMPILER V9.59.0.0   I2C                                                               10/26/2022 13:04:36 PAGE 4   


MODULE INFORMATION:   STATIC OVERLAYABLE
   CODE SIZE        =    194    ----
   CONSTANT SIZE    =   ----    ----
   XDATA SIZE       =   ----    ----
   PDATA SIZE       =   ----    ----
   DATA SIZE        =   ----    ----
   IDATA SIZE       =   ----    ----
   BIT SIZE         =   ----    ----
END OF MODULE INFORMATION.


C51 COMPILATION COMPLETE.  0 WARNING(S),  0 ERROR(S)
